# JRE version: Java(TM) SE Runtime Environment (8.0_25-b18) (build 1.8.0_25-b18)
# Java VM: Java HotSpot(TM) 64-Bit Server VM (25.25-b02 mixed mode windows-amd64 compressed oops)
Heap:
 PSYoungGen      total 73216K, used 47945K [0x00000000f5580000, 0x00000000fb800000, 0x0000000100000000)
  eden space 54272K, 55% used [0x00000000f5580000,0x00000000f72abce8,0x00000000f8a80000)
  from space 18944K, 95% used [0x00000000f8a80000,0x00000000f9c26890,0x00000000f9d00000)
  to   space 20992K, 0% used [0x00000000fa380000,0x00000000fa380000,0x00000000fb800000)
 ParOldGen       total 99328K, used 32975K [0x00000000e0000000, 0x00000000e6100000, 0x00000000f5580000)
  object space 99328K, 33% used [0x00000000e0000000,0x00000000e2033f80,0x00000000e6100000)
 Metaspace       used 76866K, capacity 82444K, committed 82776K, reserved 1120256K
  class space    used 9700K, capacity 11498K, committed 11608K, reserved 1048576K
GC Heap History (10 events):
Event: 7.532 GC heap before
{Heap before GC invocations=14 (full 3):
 PSYoungGen      total 58368K, used 15338K [0x00000000f5580000, 0x00000000fab80000, 0x0000000100000000)
  eden space 43008K, 0% used [0x00000000f5580000,0x00000000f5580000,0x00000000f7f80000)
  from space 15360K, 99% used [0x00000000f7f80000,0x00000000f8e7abe8,0x00000000f8e80000)
  to   space 17920K, 0% used [0x00000000f9a00000,0x00000000f9a00000,0x00000000fab80000)
 ParOldGen       total 66048K, used 19296K [0x00000000e0000000, 0x00000000e4080000, 0x00000000f5580000)
  object space 66048K, 29% used [0x00000000e0000000,0x00000000e12d8270,0x00000000e4080000)
 Metaspace       used 54680K, capacity 58848K, committed 59028K, reserved 1099776K
  class space    used 6760K, capacity 8121K, committed 8152K, reserved 1048576K
Event: 7.747 GC heap after
Heap after GC invocations=14 (full 3):
 PSYoungGen      total 58368K, used 0K [0x00000000f5580000, 0x00000000fab80000, 0x0000000100000000)
  eden space 43008K, 0% used [0x00000000f5580000,0x00000000f5580000,0x00000000f7f80000)
  from space 15360K, 0% used [0x00000000f7f80000,0x00000000f7f80000,0x00000000f8e80000)
  to   space 17920K, 0% used [0x00000000f9a00000,0x00000000f9a00000,0x00000000fab80000)
 ParOldGen       total 99328K, used 32932K [0x00000000e0000000, 0x00000000e6100000, 0x00000000f5580000)
  object space 99328K, 33% used [0x00000000e0000000,0x00000000e2029330,0x00000000e6100000)
 Metaspace       used 54680K, capacity 58848K, committed 59028K, reserved 1099776K
  class space    used 6760K, capacity 8121K, committed 8152K, reserved 1048576K
}
Event: 9.109 GC heap before
{Heap before GC invocations=15 (full 3):
 PSYoungGen      total 58368K, used 43008K [0x00000000f5580000, 0x00000000fab80000, 0x0000000100000000)
  eden space 43008K, 100% used [0x00000000f5580000,0x00000000f7f80000,0x00000000f7f80000)
  from space 15360K, 0% used [0x00000000f7f80000,0x00000000f7f80000,0x00000000f8e80000)
  to   space 17920K, 0% used [0x00000000f9a00000,0x00000000f9a00000,0x00000000fab80000)
 ParOldGen       total 99328K, used 32932K [0x00000000e0000000, 0x00000000e6100000, 0x00000000f5580000)
  object space 99328K, 33% used [0x00000000e0000000,0x00000000e2029330,0x00000000e6100000)
 Metaspace       used 62590K, capacity 67598K, committed 67800K, reserved 1107968K
  class space    used 7883K, capacity 9424K, committed 9432K, reserved 1048576K
Event: 9.119 GC heap after
Heap after GC invocations=15 (full 3):
 PSYoungGen      total 62976K, used 10252K [0x00000000f5580000, 0x00000000fa780000, 0x0000000100000000)
  eden space 49152K, 0% used [0x00000000f5580000,0x00000000f5580000,0x00000000f8580000)
  from space 13824K, 74% used [0x00000000f9a00000,0x00000000fa403238,0x00000000fa780000)
  to   space 17408K, 0% used [0x00000000f8580000,0x00000000f8580000,0x00000000f9680000)
 ParOldGen       total 99328K, used 32940K [0x00000000e0000000, 0x00000000e6100000, 0x00000000f5580000)
  object space 99328K, 33% used [0x00000000e0000000,0x00000000e202b330,0x00000000e6100000)
 Metaspace       used 62590K, capacity 67598K, committed 67800K, reserved 1107968K
  class space    used 7883K, capacity 9424K, committed 9432K, reserved 1048576K
}
Event: 38.460 GC heap before
{Heap before GC invocations=16 (full 3):
 PSYoungGen      total 62976K, used 59404K [0x00000000f5580000, 0x00000000fa780000, 0x0000000100000000)
  eden space 49152K, 100% used [0x00000000f5580000,0x00000000f8580000,0x00000000f8580000)
  from space 13824K, 74% used [0x00000000f9a00000,0x00000000fa403238,0x00000000fa780000)
  to   space 17408K, 0% used [0x00000000f8580000,0x00000000f8580000,0x00000000f9680000)
 ParOldGen       total 99328K, used 32940K [0x00000000e0000000, 0x00000000e6100000, 0x00000000f5580000)
  object space 99328K, 33% used [0x00000000e0000000,0x00000000e202b330,0x00000000e6100000)
 Metaspace       used 70485K, capacity 76002K, committed 76248K, reserved 1114112K
  class space    used 8933K, capacity 10701K, committed 10712K, reserved 1048576K
Event: 38.473 GC heap after
Heap after GC invocations=16 (full 3):
 PSYoungGen      total 66560K, used 14077K [0x00000000f5580000, 0x00000000faf00000, 0x0000000100000000)
  eden space 49152K, 0% used [0x00000000f5580000,0x00000000f5580000,0x00000000f8580000)
  from space 17408K, 80% used [0x00000000f8580000,0x00000000f933f5e0,0x00000000f9680000)
  to   space 18432K, 0% used [0x00000000f9d00000,0x00000000f9d00000,0x00000000faf00000)
 ParOldGen       total 99328K, used 32948K [0x00000000e0000000, 0x00000000e6100000, 0x00000000f5580000)
  object space 99328K, 33% used [0x00000000e0000000,0x00000000e202d330,0x00000000e6100000)
 Metaspace       used 70485K, capacity 76002K, committed 76248K, reserved 1114112K
  class space    used 8933K, capacity 10701K, committed 10712K, reserved 1048576K
}
Event: 40.622 GC heap before
{Heap before GC invocations=17 (full 3):
 PSYoungGen      total 66560K, used 63229K [0x00000000f5580000, 0x00000000faf00000, 0x0000000100000000)
  eden space 49152K, 100% used [0x00000000f5580000,0x00000000f8580000,0x00000000f8580000)
  from space 17408K, 80% used [0x00000000f8580000,0x00000000f933f5e0,0x00000000f9680000)
  to   space 18432K, 0% used [0x00000000f9d00000,0x00000000f9d00000,0x00000000faf00000)
 ParOldGen       total 99328K, used 32948K [0x00000000e0000000, 0x00000000e6100000, 0x00000000f5580000)
  object space 99328K, 33% used [0x00000000e0000000,0x00000000e202d330,0x00000000e6100000)
 Metaspace       used 73528K, capacity 79156K, committed 79448K, reserved 1118208K
  class space    used 9285K, capacity 10982K, committed 11096K, reserved 1048576K
Event: 40.633 GC heap after
Heap after GC invocations=17 (full 3):
 PSYoungGen      total 72704K, used 14275K [0x00000000f5580000, 0x00000000faf80000, 0x0000000100000000)
  eden space 54272K, 0% used [0x00000000f5580000,0x00000000f5580000,0x00000000f8a80000)
  from space 18432K, 77% used [0x00000000f9d00000,0x00000000faaf0e08,0x00000000faf00000)
  to   space 18944K, 0% used [0x00000000f8a80000,0x00000000f8a80000,0x00000000f9d00000)
 ParOldGen       total 99328K, used 32956K [0x00000000e0000000, 0x00000000e6100000, 0x00000000f5580000)
  object space 99328K, 33% used [0x00000000e0000000,0x00000000e202f330,0x00000000e6100000)
 Metaspace       used 73528K, capacity 79156K, committed 79448K, reserved 1118208K
  class space    used 9285K, capacity 10982K, committed 11096K, reserved 1048576K
}
Event: 45.294 GC heap before
{Heap before GC invocations=18 (full 3):
 PSYoungGen      total 72704K, used 68547K [0x00000000f5580000, 0x00000000faf80000, 0x0000000100000000)
  eden space 54272K, 100% used [0x00000000f5580000,0x00000000f8a80000,0x00000000f8a80000)
  from space 18432K, 77% used [0x00000000f9d00000,0x00000000faaf0e08,0x00000000faf00000)
  to   space 18944K, 0% used [0x00000000f8a80000,0x00000000f8a80000,0x00000000f9d00000)
 ParOldGen       total 99328K, used 32956K [0x00000000e0000000, 0x00000000e6100000, 0x00000000f5580000)
  object space 99328K, 33% used [0x00000000e0000000,0x00000000e202f330,0x00000000e6100000)
 Metaspace       used 75159K, capacity 80834K, committed 80984K, reserved 1118208K
  class space    used 9521K, capacity 11240K, committed 11352K, reserved 1048576K
Event: 45.309 GC heap after
Heap after GC invocations=18 (full 3):
 PSYoungGen      total 73216K, used 18074K [0x00000000f5580000, 0x00000000fb800000, 0x0000000100000000)
  eden space 54272K, 0% used [0x00000000f5580000,0x00000000f5580000,0x00000000f8a80000)
  from space 18944K, 95% used [0x00000000f8a80000,0x00000000f9c26890,0x00000000f9d00000)
  to   space 20992K, 0% used [0x00000000fa380000,0x00000000fa380000,0x00000000fb800000)
 ParOldGen       total 99328K, used 32975K [0x00000000e0000000, 0x00000000e6100000, 0x00000000f5580000)
  object space 99328K, 33% used [0x00000000e0000000,0x00000000e2033f80,0x00000000e6100000)
 Metaspace       used 75159K, capacity 80834K, committed 80984K, reserved 1118208K
  class space    used 9521K, capacity 11240K, committed 11352K, reserved 1048576K
}

