# JRE version: Java(TM) SE Runtime Environment (8.0_25-b18) (build 1.8.0_25-b18)
# Java VM: Java HotSpot(TM) 64-Bit Server VM (25.25-b02 mixed mode windows-amd64 compressed oops)
Heap:
 PSYoungGen      total 130560K, used 103213K [0x00000000f5580000, 0x00000000ffc80000, 0x0000000100000000)
  eden space 90112K, 93% used [0x00000000f5580000,0x00000000fa801d98,0x00000000fad80000)
  from space 40448K, 46% used [0x00000000fad80000,0x00000000fbfc98c0,0x00000000fd500000)
  to   space 37888K, 0% used [0x00000000fd780000,0x00000000fd780000,0x00000000ffc80000)
 ParOldGen       total 179200K, used 83335K [0x00000000e0000000, 0x00000000eaf00000, 0x00000000f5580000)
  object space 179200K, 46% used [0x00000000e0000000,0x00000000e5161d20,0x00000000eaf00000)
 Metaspace       used 77304K, capacity 83500K, committed 83672K, reserved 1122304K
  class space    used 9541K, capacity 11434K, committed 11480K, reserved 1048576K
GC Heap History (10 events):
Event: 140.710 GC heap before
{Heap before GC invocations=27 (full 4):
 PSYoungGen      total 119808K, used 89682K [0x00000000f5580000, 0x00000000ff800000, 0x0000000100000000)
  eden space 73216K, 100% used [0x00000000f5580000,0x00000000f9d00000,0x00000000f9d00000)
  from space 46592K, 35% used [0x00000000fca80000,0x00000000fda94948,0x00000000ff800000)
  to   space 46592K, 0% used [0x00000000f9d00000,0x00000000f9d00000,0x00000000fca80000)
 ParOldGen       total 179200K, used 83247K [0x00000000e0000000, 0x00000000eaf00000, 0x00000000f5580000)
  object space 179200K, 46% used [0x00000000e0000000,0x00000000e514bd10,0x00000000eaf00000)
 Metaspace       used 74030K, capacity 80100K, committed 80344K, reserved 1118208K
  class space    used 9260K, capacity 11120K, committed 11224K, reserved 1048576K
Event: 140.717 GC heap after
Heap after GC invocations=27 (full 4):
 PSYoungGen      total 119808K, used 16402K [0x00000000f5580000, 0x00000000ffb00000, 0x0000000100000000)
  eden space 73216K, 0% used [0x00000000f5580000,0x00000000f5580000,0x00000000f9d00000)
  from space 46592K, 35% used [0x00000000f9d00000,0x00000000fad04940,0x00000000fca80000)
  to   space 44032K, 0% used [0x00000000fd000000,0x00000000fd000000,0x00000000ffb00000)
 ParOldGen       total 179200K, used 83247K [0x00000000e0000000, 0x00000000eaf00000, 0x00000000f5580000)
  object space 179200K, 46% used [0x00000000e0000000,0x00000000e514bd10,0x00000000eaf00000)
 Metaspace       used 74030K, capacity 80100K, committed 80344K, reserved 1118208K
  class space    used 9260K, capacity 11120K, committed 11224K, reserved 1048576K
}
Event: 140.857 GC heap before
{Heap before GC invocations=28 (full 4):
 PSYoungGen      total 119808K, used 89618K [0x00000000f5580000, 0x00000000ffb00000, 0x0000000100000000)
  eden space 73216K, 100% used [0x00000000f5580000,0x00000000f9d00000,0x00000000f9d00000)
  from space 46592K, 35% used [0x00000000f9d00000,0x00000000fad04940,0x00000000fca80000)
  to   space 44032K, 0% used [0x00000000fd000000,0x00000000fd000000,0x00000000ffb00000)
 ParOldGen       total 179200K, used 83247K [0x00000000e0000000, 0x00000000eaf00000, 0x00000000f5580000)
  object space 179200K, 46% used [0x00000000e0000000,0x00000000e514bd10,0x00000000eaf00000)
 Metaspace       used 74030K, capacity 80100K, committed 80344K, reserved 1118208K
  class space    used 9260K, capacity 11120K, committed 11224K, reserved 1048576K
Event: 140.863 GC heap after
Heap after GC invocations=28 (full 4):
 PSYoungGen      total 125952K, used 16466K [0x00000000f5580000, 0x00000000ff980000, 0x0000000100000000)
  eden space 83456K, 0% used [0x00000000f5580000,0x00000000f5580000,0x00000000fa700000)
  from space 42496K, 38% used [0x00000000fd000000,0x00000000fe014810,0x00000000ff980000)
  to   space 41984K, 0% used [0x00000000fa700000,0x00000000fa700000,0x00000000fd000000)
 ParOldGen       total 179200K, used 83247K [0x00000000e0000000, 0x00000000eaf00000, 0x00000000f5580000)
  object space 179200K, 46% used [0x00000000e0000000,0x00000000e514bd10,0x00000000eaf00000)
 Metaspace       used 74030K, capacity 80100K, committed 80344K, reserved 1118208K
  class space    used 9260K, capacity 11120K, committed 11224K, reserved 1048576K
}
Event: 321.401 GC heap before
{Heap before GC invocations=29 (full 4):
 PSYoungGen      total 125952K, used 99922K [0x00000000f5580000, 0x00000000ff980000, 0x0000000100000000)
  eden space 83456K, 100% used [0x00000000f5580000,0x00000000fa700000,0x00000000fa700000)
  from space 42496K, 38% used [0x00000000fd000000,0x00000000fe014810,0x00000000ff980000)
  to   space 41984K, 0% used [0x00000000fa700000,0x00000000fa700000,0x00000000fd000000)
 ParOldGen       total 179200K, used 83247K [0x00000000e0000000, 0x00000000eaf00000, 0x00000000f5580000)
  object space 179200K, 46% used [0x00000000e0000000,0x00000000e514bd10,0x00000000eaf00000)
 Metaspace       used 76044K, capacity 82124K, committed 82264K, reserved 1120256K
  class space    used 9440K, capacity 11322K, committed 11352K, reserved 1048576K
Event: 321.415 GC heap after
Heap after GC invocations=29 (full 4):
 PSYoungGen      total 125440K, used 25502K [0x00000000f5580000, 0x0000000100000000, 0x0000000100000000)
  eden space 83456K, 0% used [0x00000000f5580000,0x00000000f5580000,0x00000000fa700000)
  from space 41984K, 60% used [0x00000000fa700000,0x00000000fbfe7ae0,0x00000000fd000000)
  to   space 42496K, 0% used [0x00000000fd680000,0x00000000fd680000,0x0000000100000000)
 ParOldGen       total 179200K, used 83255K [0x00000000e0000000, 0x00000000eaf00000, 0x00000000f5580000)
  object space 179200K, 46% used [0x00000000e0000000,0x00000000e514dd10,0x00000000eaf00000)
 Metaspace       used 76044K, capacity 82124K, committed 82264K, reserved 1120256K
  class space    used 9440K, capacity 11322K, committed 11352K, reserved 1048576K
}
Event: 347.480 GC heap before
{Heap before GC invocations=30 (full 4):
 PSYoungGen      total 125440K, used 108036K [0x00000000f5580000, 0x0000000100000000, 0x0000000100000000)
  eden space 83456K, 98% used [0x00000000f5580000,0x00000000fa6198a0,0x00000000fa700000)
  from space 41984K, 60% used [0x00000000fa700000,0x00000000fbfe7ae0,0x00000000fd000000)
  to   space 42496K, 0% used [0x00000000fd680000,0x00000000fd680000,0x0000000100000000)
 ParOldGen       total 179200K, used 83255K [0x00000000e0000000, 0x00000000eaf00000, 0x00000000f5580000)
  object space 179200K, 46% used [0x00000000e0000000,0x00000000e514dd10,0x00000000eaf00000)
 Metaspace       used 76469K, capacity 82640K, committed 82776K, reserved 1120256K
  class space    used 9443K, capacity 11322K, committed 11352K, reserved 1048576K
Event: 347.492 GC heap after
Heap after GC invocations=30 (full 4):
 PSYoungGen      total 129024K, used 17334K [0x00000000f5580000, 0x00000000ffc80000, 0x0000000100000000)
  eden space 90112K, 0% used [0x00000000f5580000,0x00000000f5580000,0x00000000fad80000)
  from space 38912K, 44% used [0x00000000fd680000,0x00000000fe76d8e0,0x00000000ffc80000)
  to   space 40448K, 0% used [0x00000000fad80000,0x00000000fad80000,0x00000000fd500000)
 ParOldGen       total 179200K, used 83327K [0x00000000e0000000, 0x00000000eaf00000, 0x00000000f5580000)
  object space 179200K, 46% used [0x00000000e0000000,0x00000000e515fd20,0x00000000eaf00000)
 Metaspace       used 76469K, capacity 82640K, committed 82776K, reserved 1120256K
  class space    used 9443K, capacity 11322K, committed 11352K, reserved 1048576K
}
Event: 347.607 GC heap before
{Heap before GC invocations=31 (full 4):
 PSYoungGen      total 129024K, used 107446K [0x00000000f5580000, 0x00000000ffc80000, 0x0000000100000000)
  eden space 90112K, 100% used [0x00000000f5580000,0x00000000fad80000,0x00000000fad80000)
  from space 38912K, 44% used [0x00000000fd680000,0x00000000fe76d8e0,0x00000000ffc80000)
  to   space 40448K, 0% used [0x00000000fad80000,0x00000000fad80000,0x00000000fd500000)
 ParOldGen       total 179200K, used 83327K [0x00000000e0000000, 0x00000000eaf00000, 0x00000000f5580000)
  object space 179200K, 46% used [0x00000000e0000000,0x00000000e515fd20,0x00000000eaf00000)
 Metaspace       used 76469K, capacity 82640K, committed 82776K, reserved 1120256K
  class space    used 9443K, capacity 11322K, committed 11352K, reserved 1048576K
Event: 347.616 GC heap after
Heap after GC invocations=31 (full 4):
 PSYoungGen      total 130560K, used 18726K [0x00000000f5580000, 0x00000000ffc80000, 0x0000000100000000)
  eden space 90112K, 0% used [0x00000000f5580000,0x00000000f5580000,0x00000000fad80000)
  from space 40448K, 46% used [0x00000000fad80000,0x00000000fbfc98c0,0x00000000fd500000)
  to   space 37888K, 0% used [0x00000000fd780000,0x00000000fd780000,0x00000000ffc80000)
 ParOldGen       total 179200K, used 83335K [0x00000000e0000000, 0x00000000eaf00000, 0x00000000f5580000)
  object space 179200K, 46% used [0x00000000e0000000,0x00000000e5161d20,0x00000000eaf00000)
 Metaspace       used 76469K, capacity 82640K, committed 82776K, reserved 1120256K
  class space    used 9443K, capacity 11322K, committed 11352K, reserved 1048576K
}

