# JRE version: Java(TM) SE Runtime Environment (8.0_25-b18) (build 1.8.0_25-b18)
# Java VM: Java HotSpot(TM) 64-Bit Server VM (25.25-b02 mixed mode windows-amd64 compressed oops)
Heap:
 PSYoungGen      total 115712K, used 20493K [0x00000000f5580000, 0x00000000fda80000, 0x0000000100000000)
  eden space 98304K, 15% used [0x00000000f5580000,0x00000000f64d1550,0x00000000fb580000)
  from space 17408K, 27% used [0x00000000fc980000,0x00000000fce32188,0x00000000fda80000)
  to   space 18944K, 0% used [0x00000000fb580000,0x00000000fb580000,0x00000000fc800000)
 ParOldGen       total 169984K, used 61557K [0x00000000e0000000, 0x00000000ea600000, 0x00000000f5580000)
  object space 169984K, 36% used [0x00000000e0000000,0x00000000e3c1d7e8,0x00000000ea600000)
 Metaspace       used 81494K, capacity 87362K, committed 87640K, reserved 1126400K
  class space    used 9675K, capacity 11560K, committed 11608K, reserved 1048576K
GC Heap History (10 events):
Event: 617.004 GC heap before
{Heap before GC invocations=54 (full 13):
 PSYoungGen      total 99840K, used 2153K [0x00000000f5580000, 0x00000000fe180000, 0x0000000100000000)
  eden space 97280K, 0% used [0x00000000f5580000,0x00000000f5580000,0x00000000fb480000)
  from space 2560K, 84% used [0x00000000fb480000,0x00000000fb69a4d0,0x00000000fb700000)
  to   space 23040K, 0% used [0x00000000fcb00000,0x00000000fcb00000,0x00000000fe180000)
 ParOldGen       total 169984K, used 61715K [0x00000000e0000000, 0x00000000ea600000, 0x00000000f5580000)
  object space 169984K, 36% used [0x00000000e0000000,0x00000000e3c44df8,0x00000000ea600000)
 Metaspace       used 78774K, capacity 84174K, committed 84440K, reserved 1122304K
  class space    used 9383K, capacity 11114K, committed 11224K, reserved 1048576K
Event: 617.490 GC heap after
Heap after GC invocations=54 (full 13):
 PSYoungGen      total 99840K, used 0K [0x00000000f5580000, 0x00000000fe180000, 0x0000000100000000)
  eden space 97280K, 0% used [0x00000000f5580000,0x00000000f5580000,0x00000000fb480000)
  from space 2560K, 0% used [0x00000000fb480000,0x00000000fb480000,0x00000000fb700000)
  to   space 23040K, 0% used [0x00000000fcb00000,0x00000000fcb00000,0x00000000fe180000)
 ParOldGen       total 169984K, used 59933K [0x00000000e0000000, 0x00000000ea600000, 0x00000000f5580000)
  object space 169984K, 35% used [0x00000000e0000000,0x00000000e3a87618,0x00000000ea600000)
 Metaspace       used 78757K, capacity 84144K, committed 84440K, reserved 1122304K
  class space    used 9380K, capacity 11109K, committed 11224K, reserved 1048576K
}
Event: 681.074 GC heap before
{Heap before GC invocations=55 (full 13):
 PSYoungGen      total 99840K, used 17002K [0x00000000f5580000, 0x00000000fe180000, 0x0000000100000000)
  eden space 97280K, 17% used [0x00000000f5580000,0x00000000f661a948,0x00000000fb480000)
  from space 2560K, 0% used [0x00000000fb480000,0x00000000fb480000,0x00000000fb700000)
  to   space 23040K, 0% used [0x00000000fcb00000,0x00000000fcb00000,0x00000000fe180000)
 ParOldGen       total 169984K, used 59933K [0x00000000e0000000, 0x00000000ea600000, 0x00000000f5580000)
  object space 169984K, 35% used [0x00000000e0000000,0x00000000e3a87618,0x00000000ea600000)
 Metaspace       used 79498K, capacity 85168K, committed 85592K, reserved 1124352K
  class space    used 9504K, capacity 11281K, committed 11352K, reserved 1048576K
Event: 681.084 GC heap after
Heap after GC invocations=55 (full 13):
 PSYoungGen      total 117248K, used 2145K [0x00000000f5580000, 0x00000000fde80000, 0x0000000100000000)
  eden space 97280K, 0% used [0x00000000f5580000,0x00000000f5580000,0x00000000fb480000)
  from space 19968K, 10% used [0x00000000fcb00000,0x00000000fcd18550,0x00000000fde80000)
  to   space 21504K, 0% used [0x00000000fb480000,0x00000000fb480000,0x00000000fc980000)
 ParOldGen       total 169984K, used 59941K [0x00000000e0000000, 0x00000000ea600000, 0x00000000f5580000)
  object space 169984K, 35% used [0x00000000e0000000,0x00000000e3a89618,0x00000000ea600000)
 Metaspace       used 79498K, capacity 85168K, committed 85592K, reserved 1124352K
  class space    used 9504K, capacity 11281K, committed 11352K, reserved 1048576K
}
Event: 681.084 GC heap before
{Heap before GC invocations=56 (full 14):
 PSYoungGen      total 117248K, used 2145K [0x00000000f5580000, 0x00000000fde80000, 0x0000000100000000)
  eden space 97280K, 0% used [0x00000000f5580000,0x00000000f5580000,0x00000000fb480000)
  from space 19968K, 10% used [0x00000000fcb00000,0x00000000fcd18550,0x00000000fde80000)
  to   space 21504K, 0% used [0x00000000fb480000,0x00000000fb480000,0x00000000fc980000)
 ParOldGen       total 169984K, used 59941K [0x00000000e0000000, 0x00000000ea600000, 0x00000000f5580000)
  object space 169984K, 35% used [0x00000000e0000000,0x00000000e3a89618,0x00000000ea600000)
 Metaspace       used 79498K, capacity 85168K, committed 85592K, reserved 1124352K
  class space    used 9504K, capacity 11281K, committed 11352K, reserved 1048576K
Event: 681.728 GC heap after
Heap after GC invocations=56 (full 14):
 PSYoungGen      total 117248K, used 0K [0x00000000f5580000, 0x00000000fde80000, 0x0000000100000000)
  eden space 97280K, 0% used [0x00000000f5580000,0x00000000f5580000,0x00000000fb480000)
  from space 19968K, 0% used [0x00000000fcb00000,0x00000000fcb00000,0x00000000fde80000)
  to   space 21504K, 0% used [0x00000000fb480000,0x00000000fb480000,0x00000000fc980000)
 ParOldGen       total 169984K, used 61541K [0x00000000e0000000, 0x00000000ea600000, 0x00000000f5580000)
  object space 169984K, 36% used [0x00000000e0000000,0x00000000e3c197e8,0x00000000ea600000)
 Metaspace       used 79498K, capacity 85168K, committed 85592K, reserved 1124352K
  class space    used 9504K, capacity 11281K, committed 11352K, reserved 1048576K
}
Event: 748.709 GC heap before
{Heap before GC invocations=57 (full 14):
 PSYoungGen      total 117248K, used 97280K [0x00000000f5580000, 0x00000000fde80000, 0x0000000100000000)
  eden space 97280K, 100% used [0x00000000f5580000,0x00000000fb480000,0x00000000fb480000)
  from space 19968K, 0% used [0x00000000fcb00000,0x00000000fcb00000,0x00000000fde80000)
  to   space 21504K, 0% used [0x00000000fb480000,0x00000000fb480000,0x00000000fc980000)
 ParOldGen       total 169984K, used 61541K [0x00000000e0000000, 0x00000000ea600000, 0x00000000f5580000)
  object space 169984K, 36% used [0x00000000e0000000,0x00000000e3c197e8,0x00000000ea600000)
 Metaspace       used 80593K, capacity 86406K, committed 86744K, reserved 1124352K
  class space    used 9587K, capacity 11416K, committed 11480K, reserved 1048576K
Event: 748.720 GC heap after
Heap after GC invocations=57 (full 14):
 PSYoungGen      total 118784K, used 4681K [0x00000000f5580000, 0x00000000fdd00000, 0x0000000100000000)
  eden space 97280K, 0% used [0x00000000f5580000,0x00000000f5580000,0x00000000fb480000)
  from space 21504K, 21% used [0x00000000fb480000,0x00000000fb9125e8,0x00000000fc980000)
  to   space 19968K, 0% used [0x00000000fc980000,0x00000000fc980000,0x00000000fdd00000)
 ParOldGen       total 169984K, used 61549K [0x00000000e0000000, 0x00000000ea600000, 0x00000000f5580000)
  object space 169984K, 36% used [0x00000000e0000000,0x00000000e3c1b7e8,0x00000000ea600000)
 Metaspace       used 80593K, capacity 86406K, committed 86744K, reserved 1124352K
  class space    used 9587K, capacity 11416K, committed 11480K, reserved 1048576K
}
Event: 782.768 GC heap before
{Heap before GC invocations=58 (full 14):
 PSYoungGen      total 118784K, used 101961K [0x00000000f5580000, 0x00000000fdd00000, 0x0000000100000000)
  eden space 97280K, 100% used [0x00000000f5580000,0x00000000fb480000,0x00000000fb480000)
  from space 21504K, 21% used [0x00000000fb480000,0x00000000fb9125e8,0x00000000fc980000)
  to   space 19968K, 0% used [0x00000000fc980000,0x00000000fc980000,0x00000000fdd00000)
 ParOldGen       total 169984K, used 61549K [0x00000000e0000000, 0x00000000ea600000, 0x00000000f5580000)
  object space 169984K, 36% used [0x00000000e0000000,0x00000000e3c1b7e8,0x00000000ea600000)
 Metaspace       used 81318K, capacity 87138K, committed 87384K, reserved 1124352K
  class space    used 9663K, capacity 11528K, committed 11608K, reserved 1048576K
Event: 782.773 GC heap after
Heap after GC invocations=58 (full 14):
 PSYoungGen      total 115712K, used 4808K [0x00000000f5580000, 0x00000000fda80000, 0x0000000100000000)
  eden space 98304K, 0% used [0x00000000f5580000,0x00000000f5580000,0x00000000fb580000)
  from space 17408K, 27% used [0x00000000fc980000,0x00000000fce32188,0x00000000fda80000)
  to   space 18944K, 0% used [0x00000000fb580000,0x00000000fb580000,0x00000000fc800000)
 ParOldGen       total 169984K, used 61557K [0x00000000e0000000, 0x00000000ea600000, 0x00000000f5580000)
  object space 169984K, 36% used [0x00000000e0000000,0x00000000e3c1d7e8,0x00000000ea600000)
 Metaspace       used 81318K, capacity 87138K, committed 87384K, reserved 1124352K
  class space    used 9663K, capacity 11528K, committed 11608K, reserved 1048576K
}

