# JRE version: Java(TM) SE Runtime Environment (8.0_25-b18) (build 1.8.0_25-b18)
# Java VM: Java HotSpot(TM) 64-Bit Server VM (25.25-b02 mixed mode windows-amd64 compressed oops)
Heap:
 PSYoungGen      total 99840K, used 29279K [0x00000000f5580000, 0x00000000fcb00000, 0x0000000100000000)
  eden space 82432K, 35% used [0x00000000f5580000,0x00000000f7217fa0,0x00000000fa600000)
  from space 17408K, 0% used [0x00000000fba00000,0x00000000fba00000,0x00000000fcb00000)
  to   space 18944K, 0% used [0x00000000fa600000,0x00000000fa600000,0x00000000fb880000)
 ParOldGen       total 120832K, used 39780K [0x00000000e0000000, 0x00000000e7600000, 0x00000000f5580000)
  object space 120832K, 32% used [0x00000000e0000000,0x00000000e26d9090,0x00000000e7600000)
 Metaspace       used 70518K, capacity 75954K, committed 76248K, reserved 1116160K
  class space    used 8739K, capacity 10439K, committed 10456K, reserved 1048576K
GC Heap History (10 events):
Event: 783.610 GC heap before
{Heap before GC invocations=38 (full 16):
 PSYoungGen      total 102912K, used 288K [0x00000000f5580000, 0x00000000fd000000, 0x0000000100000000)
  eden space 82432K, 0% used [0x00000000f5580000,0x00000000f5580000,0x00000000fa600000)
  from space 20480K, 1% used [0x00000000fbc00000,0x00000000fbc48000,0x00000000fd000000)
  to   space 21504K, 0% used [0x00000000fa600000,0x00000000fa600000,0x00000000fbb00000)
 ParOldGen       total 120832K, used 39465K [0x00000000e0000000, 0x00000000e7600000, 0x00000000f5580000)
  object space 120832K, 32% used [0x00000000e0000000,0x00000000e268a7f0,0x00000000e7600000)
 Metaspace       used 69198K, capacity 74692K, committed 74968K, reserved 1114112K
  class space    used 8590K, capacity 10339K, committed 10456K, reserved 1048576K
Event: 783.754 GC heap after
Heap after GC invocations=38 (full 16):
 PSYoungGen      total 102912K, used 0K [0x00000000f5580000, 0x00000000fd000000, 0x0000000100000000)
  eden space 82432K, 0% used [0x00000000f5580000,0x00000000f5580000,0x00000000fa600000)
  from space 20480K, 0% used [0x00000000fbc00000,0x00000000fbc00000,0x00000000fd000000)
  to   space 21504K, 0% used [0x00000000fa600000,0x00000000fa600000,0x00000000fbb00000)
 ParOldGen       total 120832K, used 39447K [0x00000000e0000000, 0x00000000e7600000, 0x00000000f5580000)
  object space 120832K, 32% used [0x00000000e0000000,0x00000000e2685d18,0x00000000e7600000)
 Metaspace       used 69198K, capacity 74692K, committed 74968K, reserved 1114112K
  class space    used 8590K, capacity 10339K, committed 10456K, reserved 1048576K
}
Event: 1052.376 GC heap before
{Heap before GC invocations=39 (full 16):
 PSYoungGen      total 102912K, used 4348K [0x00000000f5580000, 0x00000000fd000000, 0x0000000100000000)
  eden space 82432K, 5% used [0x00000000f5580000,0x00000000f59bf040,0x00000000fa600000)
  from space 20480K, 0% used [0x00000000fbc00000,0x00000000fbc00000,0x00000000fd000000)
  to   space 21504K, 0% used [0x00000000fa600000,0x00000000fa600000,0x00000000fbb00000)
 ParOldGen       total 120832K, used 39447K [0x00000000e0000000, 0x00000000e7600000, 0x00000000f5580000)
  object space 120832K, 32% used [0x00000000e0000000,0x00000000e2685d18,0x00000000e7600000)
 Metaspace       used 69205K, capacity 74756K, committed 74968K, reserved 1114112K
  class space    used 8590K, capacity 10339K, committed 10456K, reserved 1048576K
Event: 1052.384 GC heap after
Heap after GC invocations=39 (full 16):
 PSYoungGen      total 82944K, used 416K [0x00000000f5580000, 0x00000000fce00000, 0x0000000100000000)
  eden space 82432K, 0% used [0x00000000f5580000,0x00000000f5580000,0x00000000fa600000)
  from space 512K, 81% used [0x00000000fa600000,0x00000000fa668000,0x00000000fa680000)
  to   space 20480K, 0% used [0x00000000fba00000,0x00000000fba00000,0x00000000fce00000)
 ParOldGen       total 120832K, used 39455K [0x00000000e0000000, 0x00000000e7600000, 0x00000000f5580000)
  object space 120832K, 32% used [0x00000000e0000000,0x00000000e2687d18,0x00000000e7600000)
 Metaspace       used 69205K, capacity 74756K, committed 74968K, reserved 1114112K
  class space    used 8590K, capacity 10339K, committed 10456K, reserved 1048576K
}
Event: 1052.385 GC heap before
{Heap before GC invocations=40 (full 17):
 PSYoungGen      total 82944K, used 416K [0x00000000f5580000, 0x00000000fce00000, 0x0000000100000000)
  eden space 82432K, 0% used [0x00000000f5580000,0x00000000f5580000,0x00000000fa600000)
  from space 512K, 81% used [0x00000000fa600000,0x00000000fa668000,0x00000000fa680000)
  to   space 20480K, 0% used [0x00000000fba00000,0x00000000fba00000,0x00000000fce00000)
 ParOldGen       total 120832K, used 39455K [0x00000000e0000000, 0x00000000e7600000, 0x00000000f5580000)
  object space 120832K, 32% used [0x00000000e0000000,0x00000000e2687d18,0x00000000e7600000)
 Metaspace       used 69205K, capacity 74756K, committed 74968K, reserved 1114112K
  class space    used 8590K, capacity 10339K, committed 10456K, reserved 1048576K
Event: 1052.753 GC heap after
Heap after GC invocations=40 (full 17):
 PSYoungGen      total 82944K, used 0K [0x00000000f5580000, 0x00000000fce00000, 0x0000000100000000)
  eden space 82432K, 0% used [0x00000000f5580000,0x00000000f5580000,0x00000000fa600000)
  from space 512K, 0% used [0x00000000fa600000,0x00000000fa600000,0x00000000fa680000)
  to   space 20480K, 0% used [0x00000000fba00000,0x00000000fba00000,0x00000000fce00000)
 ParOldGen       total 120832K, used 39655K [0x00000000e0000000, 0x00000000e7600000, 0x00000000f5580000)
  object space 120832K, 32% used [0x00000000e0000000,0x00000000e26b9fc0,0x00000000e7600000)
 Metaspace       used 69205K, capacity 74756K, committed 74968K, reserved 1114112K
  class space    used 8590K, capacity 10339K, committed 10456K, reserved 1048576K
}
Event: 1112.384 GC heap before
{Heap before GC invocations=41 (full 17):
 PSYoungGen      total 82944K, used 8949K [0x00000000f5580000, 0x00000000fce00000, 0x0000000100000000)
  eden space 82432K, 10% used [0x00000000f5580000,0x00000000f5e3d468,0x00000000fa600000)
  from space 512K, 0% used [0x00000000fa600000,0x00000000fa600000,0x00000000fa680000)
  to   space 20480K, 0% used [0x00000000fba00000,0x00000000fba00000,0x00000000fce00000)
 ParOldGen       total 120832K, used 39655K [0x00000000e0000000, 0x00000000e7600000, 0x00000000f5580000)
  object space 120832K, 32% used [0x00000000e0000000,0x00000000e26b9fc0,0x00000000e7600000)
 Metaspace       used 69223K, capacity 74820K, committed 75224K, reserved 1114112K
  class space    used 8590K, capacity 10339K, committed 10456K, reserved 1048576K
Event: 1112.387 GC heap after
Heap after GC invocations=41 (full 17):
 PSYoungGen      total 99840K, used 512K [0x00000000f5580000, 0x00000000fcb00000, 0x0000000100000000)
  eden space 82432K, 0% used [0x00000000f5580000,0x00000000f5580000,0x00000000fa600000)
  from space 17408K, 2% used [0x00000000fba00000,0x00000000fba80000,0x00000000fcb00000)
  to   space 18944K, 0% used [0x00000000fa600000,0x00000000fa600000,0x00000000fb880000)
 ParOldGen       total 120832K, used 39663K [0x00000000e0000000, 0x00000000e7600000, 0x00000000f5580000)
  object space 120832K, 32% used [0x00000000e0000000,0x00000000e26bbfc0,0x00000000e7600000)
 Metaspace       used 69223K, capacity 74820K, committed 75224K, reserved 1114112K
  class space    used 8590K, capacity 10339K, committed 10456K, reserved 1048576K
}
Event: 1112.388 GC heap before
{Heap before GC invocations=42 (full 18):
 PSYoungGen      total 99840K, used 512K [0x00000000f5580000, 0x00000000fcb00000, 0x0000000100000000)
  eden space 82432K, 0% used [0x00000000f5580000,0x00000000f5580000,0x00000000fa600000)
  from space 17408K, 2% used [0x00000000fba00000,0x00000000fba80000,0x00000000fcb00000)
  to   space 18944K, 0% used [0x00000000fa600000,0x00000000fa600000,0x00000000fb880000)
 ParOldGen       total 120832K, used 39663K [0x00000000e0000000, 0x00000000e7600000, 0x00000000f5580000)
  object space 120832K, 32% used [0x00000000e0000000,0x00000000e26bbfc0,0x00000000e7600000)
 Metaspace       used 69223K, capacity 74820K, committed 75224K, reserved 1114112K
  class space    used 8590K, capacity 10339K, committed 10456K, reserved 1048576K
Event: 1112.521 GC heap after
Heap after GC invocations=42 (full 18):
 PSYoungGen      total 99840K, used 0K [0x00000000f5580000, 0x00000000fcb00000, 0x0000000100000000)
  eden space 82432K, 0% used [0x00000000f5580000,0x00000000f5580000,0x00000000fa600000)
  from space 17408K, 0% used [0x00000000fba00000,0x00000000fba00000,0x00000000fcb00000)
  to   space 18944K, 0% used [0x00000000fa600000,0x00000000fa600000,0x00000000fb880000)
 ParOldGen       total 120832K, used 39780K [0x00000000e0000000, 0x00000000e7600000, 0x00000000f5580000)
  object space 120832K, 32% used [0x00000000e0000000,0x00000000e26d9090,0x00000000e7600000)
 Metaspace       used 69223K, capacity 74820K, committed 75224K, reserved 1114112K
  class space    used 8590K, capacity 10339K, committed 10456K, reserved 1048576K
}

