# JRE version: Java(TM) SE Runtime Environment (8.0_25-b18) (build 1.8.0_25-b18)
# Java VM: Java HotSpot(TM) 64-Bit Server VM (25.25-b02 mixed mode windows-amd64 compressed oops)
Heap:
 PSYoungGen      total 57344K, used 21395K [0x00000000f5580000, 0x00000000f9900000, 0x0000000100000000)
  eden space 56832K, 37% used [0x00000000f5580000,0x00000000f6a64c58,0x00000000f8d00000)
  from space 512K, 0% used [0x00000000f8d00000,0x00000000f8d00000,0x00000000f8d80000)
  to   space 6144K, 0% used [0x00000000f9300000,0x00000000f9300000,0x00000000f9900000)
 ParOldGen       total 96768K, used 30597K [0x00000000e0000000, 0x00000000e5e80000, 0x00000000f5580000)
  object space 96768K, 31% used [0x00000000e0000000,0x00000000e1de1708,0x00000000e5e80000)
 Metaspace       used 69870K, capacity 75108K, committed 75352K, reserved 1114112K
  class space    used 8734K, capacity 10494K, committed 10584K, reserved 1048576K
GC Heap History (10 events):
Event: 1574.061 GC heap before
{Heap before GC invocations=68 (full 29):
 PSYoungGen      total 57344K, used 192K [0x00000000f5580000, 0x00000000f9b00000, 0x0000000100000000)
  eden space 56832K, 0% used [0x00000000f5580000,0x00000000f5580000,0x00000000f8d00000)
  from space 512K, 37% used [0x00000000f8d00000,0x00000000f8d30000,0x00000000f8d80000)
  to   space 7168K, 0% used [0x00000000f9400000,0x00000000f9400000,0x00000000f9b00000)
 ParOldGen       total 96768K, used 30714K [0x00000000e0000000, 0x00000000e5e80000, 0x00000000f5580000)
  object space 96768K, 31% used [0x00000000e0000000,0x00000000e1dfeab0,0x00000000e5e80000)
 Metaspace       used 68722K, capacity 74194K, committed 74328K, reserved 1114112K
  class space    used 8601K, capacity 10298K, committed 10328K, reserved 1048576K
Event: 1574.202 GC heap after
Heap after GC invocations=68 (full 29):
 PSYoungGen      total 57344K, used 0K [0x00000000f5580000, 0x00000000f9b00000, 0x0000000100000000)
  eden space 56832K, 0% used [0x00000000f5580000,0x00000000f5580000,0x00000000f8d00000)
  from space 512K, 0% used [0x00000000f8d00000,0x00000000f8d00000,0x00000000f8d80000)
  to   space 7168K, 0% used [0x00000000f9400000,0x00000000f9400000,0x00000000f9b00000)
 ParOldGen       total 96768K, used 30597K [0x00000000e0000000, 0x00000000e5e80000, 0x00000000f5580000)
  object space 96768K, 31% used [0x00000000e0000000,0x00000000e1de1660,0x00000000e5e80000)
 Metaspace       used 68722K, capacity 74194K, committed 74328K, reserved 1114112K
  class space    used 8601K, capacity 10298K, committed 10328K, reserved 1048576K
}
Event: 1634.067 GC heap before
{Heap before GC invocations=69 (full 29):
 PSYoungGen      total 57344K, used 3078K [0x00000000f5580000, 0x00000000f9b00000, 0x0000000100000000)
  eden space 56832K, 5% used [0x00000000f5580000,0x00000000f5881a60,0x00000000f8d00000)
  from space 512K, 0% used [0x00000000f8d00000,0x00000000f8d00000,0x00000000f8d80000)
  to   space 7168K, 0% used [0x00000000f9400000,0x00000000f9400000,0x00000000f9b00000)
 ParOldGen       total 96768K, used 30597K [0x00000000e0000000, 0x00000000e5e80000, 0x00000000f5580000)
  object space 96768K, 31% used [0x00000000e0000000,0x00000000e1de1660,0x00000000e5e80000)
 Metaspace       used 68722K, capacity 74194K, committed 74328K, reserved 1114112K
  class space    used 8601K, capacity 10298K, committed 10328K, reserved 1048576K
Event: 1634.072 GC heap after
Heap after GC invocations=69 (full 29):
 PSYoungGen      total 62976K, used 224K [0x00000000f5580000, 0x00000000f9a00000, 0x0000000100000000)
  eden space 56832K, 0% used [0x00000000f5580000,0x00000000f5580000,0x00000000f8d00000)
  from space 6144K, 3% used [0x00000000f9400000,0x00000000f9438000,0x00000000f9a00000)
  to   space 6656K, 0% used [0x00000000f8d00000,0x00000000f8d00000,0x00000000f9380000)
 ParOldGen       total 96768K, used 30597K [0x00000000e0000000, 0x00000000e5e80000, 0x00000000f5580000)
  object space 96768K, 31% used [0x00000000e0000000,0x00000000e1de1660,0x00000000e5e80000)
 Metaspace       used 68722K, capacity 74194K, committed 74328K, reserved 1114112K
  class space    used 8601K, capacity 10298K, committed 10328K, reserved 1048576K
}
Event: 1634.072 GC heap before
{Heap before GC invocations=70 (full 30):
 PSYoungGen      total 62976K, used 224K [0x00000000f5580000, 0x00000000f9a00000, 0x0000000100000000)
  eden space 56832K, 0% used [0x00000000f5580000,0x00000000f5580000,0x00000000f8d00000)
  from space 6144K, 3% used [0x00000000f9400000,0x00000000f9438000,0x00000000f9a00000)
  to   space 6656K, 0% used [0x00000000f8d00000,0x00000000f8d00000,0x00000000f9380000)
 ParOldGen       total 96768K, used 30597K [0x00000000e0000000, 0x00000000e5e80000, 0x00000000f5580000)
  object space 96768K, 31% used [0x00000000e0000000,0x00000000e1de1660,0x00000000e5e80000)
 Metaspace       used 68722K, capacity 74194K, committed 74328K, reserved 1114112K
  class space    used 8601K, capacity 10298K, committed 10328K, reserved 1048576K
Event: 1634.232 GC heap after
Heap after GC invocations=70 (full 30):
 PSYoungGen      total 62976K, used 0K [0x00000000f5580000, 0x00000000f9a00000, 0x0000000100000000)
  eden space 56832K, 0% used [0x00000000f5580000,0x00000000f5580000,0x00000000f8d00000)
  from space 6144K, 0% used [0x00000000f9400000,0x00000000f9400000,0x00000000f9a00000)
  to   space 6656K, 0% used [0x00000000f8d00000,0x00000000f8d00000,0x00000000f9380000)
 ParOldGen       total 96768K, used 30597K [0x00000000e0000000, 0x00000000e5e80000, 0x00000000f5580000)
  object space 96768K, 31% used [0x00000000e0000000,0x00000000e1de1708,0x00000000e5e80000)
 Metaspace       used 68722K, capacity 74194K, committed 74328K, reserved 1114112K
  class space    used 8601K, capacity 10298K, committed 10328K, reserved 1048576K
}
Event: 1694.070 GC heap before
{Heap before GC invocations=71 (full 30):
 PSYoungGen      total 62976K, used 3044K [0x00000000f5580000, 0x00000000f9a00000, 0x0000000100000000)
  eden space 56832K, 5% used [0x00000000f5580000,0x00000000f5879318,0x00000000f8d00000)
  from space 6144K, 0% used [0x00000000f9400000,0x00000000f9400000,0x00000000f9a00000)
  to   space 6656K, 0% used [0x00000000f8d00000,0x00000000f8d00000,0x00000000f9380000)
 ParOldGen       total 96768K, used 30597K [0x00000000e0000000, 0x00000000e5e80000, 0x00000000f5580000)
  object space 96768K, 31% used [0x00000000e0000000,0x00000000e1de1708,0x00000000e5e80000)
 Metaspace       used 68723K, capacity 74194K, committed 74328K, reserved 1114112K
  class space    used 8601K, capacity 10298K, committed 10328K, reserved 1048576K
Event: 1694.075 GC heap after
Heap after GC invocations=71 (full 30):
 PSYoungGen      total 57344K, used 224K [0x00000000f5580000, 0x00000000f9900000, 0x0000000100000000)
  eden space 56832K, 0% used [0x00000000f5580000,0x00000000f5580000,0x00000000f8d00000)
  from space 512K, 43% used [0x00000000f8d00000,0x00000000f8d38000,0x00000000f8d80000)
  to   space 6144K, 0% used [0x00000000f9300000,0x00000000f9300000,0x00000000f9900000)
 ParOldGen       total 96768K, used 30597K [0x00000000e0000000, 0x00000000e5e80000, 0x00000000f5580000)
  object space 96768K, 31% used [0x00000000e0000000,0x00000000e1de1708,0x00000000e5e80000)
 Metaspace       used 68723K, capacity 74194K, committed 74328K, reserved 1114112K
  class space    used 8601K, capacity 10298K, committed 10328K, reserved 1048576K
}
Event: 1694.075 GC heap before
{Heap before GC invocations=72 (full 31):
 PSYoungGen      total 57344K, used 224K [0x00000000f5580000, 0x00000000f9900000, 0x0000000100000000)
  eden space 56832K, 0% used [0x00000000f5580000,0x00000000f5580000,0x00000000f8d00000)
  from space 512K, 43% used [0x00000000f8d00000,0x00000000f8d38000,0x00000000f8d80000)
  to   space 6144K, 0% used [0x00000000f9300000,0x00000000f9300000,0x00000000f9900000)
 ParOldGen       total 96768K, used 30597K [0x00000000e0000000, 0x00000000e5e80000, 0x00000000f5580000)
  object space 96768K, 31% used [0x00000000e0000000,0x00000000e1de1708,0x00000000e5e80000)
 Metaspace       used 68723K, capacity 74194K, committed 74328K, reserved 1114112K
  class space    used 8601K, capacity 10298K, committed 10328K, reserved 1048576K
Event: 1694.292 GC heap after
Heap after GC invocations=72 (full 31):
 PSYoungGen      total 57344K, used 0K [0x00000000f5580000, 0x00000000f9900000, 0x0000000100000000)
  eden space 56832K, 0% used [0x00000000f5580000,0x00000000f5580000,0x00000000f8d00000)
  from space 512K, 0% used [0x00000000f8d00000,0x00000000f8d00000,0x00000000f8d80000)
  to   space 6144K, 0% used [0x00000000f9300000,0x00000000f9300000,0x00000000f9900000)
 ParOldGen       total 96768K, used 30597K [0x00000000e0000000, 0x00000000e5e80000, 0x00000000f5580000)
  object space 96768K, 31% used [0x00000000e0000000,0x00000000e1de1708,0x00000000e5e80000)
 Metaspace       used 68723K, capacity 74194K, committed 74328K, reserved 1114112K
  class space    used 8601K, capacity 10298K, committed 10328K, reserved 1048576K
}

